<?xml version="1.0" encoding="UTF-8"?>
<!-- Generated by org.testng.reporters.JUnitReportReporter -->
<testsuite hostname="PUNHWD10874" name="goibibo.test.GboTest" tests="3" failures="0" timestamp="11 Dec 2018 08:05:40 GMT" time="123.330" errors="0">
  <testcase name="driverScript" time="19.316" classname="goibibo.test.GboTest"/>
  <testcase name="driverScript3" time="77.881" classname="goibibo.test.GboTest"/>
  <testcase name="driverScript2" time="26.133" classname="goibibo.test.GboTest"/>
</testsuite> <!-- goibibo.test.GboTest -->
